-------------------

Error occured on Thursday, March 7, 2013 at 12:37:33.

Windows Version 6.1 Build 7601 Service Pack 1

C:\Program Files (x86)\Pidgin\pidgin.exe caused an Access Violation at location 61c5ba08 in module C:\Program Files (x86)\Pidgin\libjabber.dll Reading from location 00000000.

Registers:
eax=05b801f8 ebx=05b417c0 ecx=00000013 edx=00000000 esi=00000000 edi=61c79ada
eip=61c5ba08 esp=0028ee08 ebp=0028ee40 iopl=0         nv up ei pl nz ac pe nc
cs=0023  ss=002b  ds=002b  es=002b  fs=0053  gs=002b             efl=00010212

Call stack:
         Using Debug Symbols from: C:\Program Files (x86)\Pidgin\pidgin-2.10.6-dbgsym\libjabber.dll.dbgsym
61C5BA08 C:\Program Files (x86)\Pidgin\libjabber.dll  txt_resolved_cb  C:\devel\pidgin-devel\pidgin-2.10.6\libpurple\protocols\jabber/jabber.c:773
         C:\Program Files (x86)\Pidgin\libpurple.dll [2.10.6.0]
         Using Debug Symbols from: C:\Program Files (x86)\Pidgin\pidgin-2.10.6-dbgsym\libpurple.dll.dbgsym
67CE1578 C:\Program Files (x86)\Pidgin\libpurple.dll  res_main_thread_cb  C:\devel\pidgin-devel\pidgin-2.10.6\libpurple/dnssrv.c:626
         C:\Program Files (x86)\Pidgin\Gtk\bin\libglib-2.0-0.dll [2.20.5.0]
685EA92E C:\Program Files (x86)\Pidgin\Gtk\bin\libglib-2.0-0.dll  g_source_get_current_time
685EA27B C:\Program Files (x86)\Pidgin\Gtk\bin\libglib-2.0-0.dll  g_main_context_dispatch
685ED185 C:\Program Files (x86)\Pidgin\Gtk\bin\libglib-2.0-0.dll  g_main_context_prepare
685ED574 C:\Program Files (x86)\Pidgin\Gtk\bin\libglib-2.0-0.dll  g_main_loop_run
         C:\Program Files (x86)\Pidgin\Gtk\bin\libgtk-win32-2.0-0.dll [2.16.6.0]
026D4260 C:\Program Files (x86)\Pidgin\Gtk\bin\libgtk-win32-2.0-0.dll  gtk_main
         C:\Program Files (x86)\Pidgin\pidgin.dll [2.10.6.0]
         Using Debug Symbols from: C:\Program Files (x86)\Pidgin\pidgin-2.10.6-dbgsym\pidgin.dll.dbgsym
64A94204 C:\Program Files (x86)\Pidgin\pidgin.dll  pidgin_main  C:\devel\pidgin-devel\pidgin-2.10.6\pidgin/gtkmain.c:944
         C:\Program Files (x86)\Pidgin\pidgin.exe [2.10.6.0]
         Using Debug Symbols from: C:\Program Files (x86)\Pidgin\pidgin-2.10.6-dbgsym\pidgin.exe.dbgsym
00402219 C:\Program Files (x86)\Pidgin\pidgin.exe  WinMain  C:\devel\pidgin-devel\pidgin-2.10.6\pidgin/win32/winpidgin.c:821
004032C6 C:\Program Files (x86)\Pidgin\pidgin.exe
004010B6 C:\Program Files (x86)\Pidgin\pidgin.exe
00401128 C:\Program Files (x86)\Pidgin\pidgin.exe
         C:\Windows\syswow64\kernel32.dll [6.1.7601.18015]
760633AA C:\Windows\syswow64\kernel32.dll  BaseThreadInitThunk
         C:\Windows\SysWOW64\ntdll.dll [6.1.7601.17725]
77E59EF2 C:\Windows\SysWOW64\ntdll.dll  RtlInitializeExceptionChain
77E59EC5 C:\Windows\SysWOW64\ntdll.dll  RtlInitializeExceptionChain


-------------------

Error occured on Tuesday, December 24, 2013 at 17:49:37.

Windows Version 6.1 Build 7601 Service Pack 1

C:\Program Files (x86)\Pidgin\pidgin.exe caused a Privileged Instruction at location 667e01f1 in module C:\Program Files (x86)\Pidgin\plugins\libsipe.dll.

Registers:
eax=667e01f1 ebx=059a27b0 ecx=6de4936c edx=05939130 esi=059dc758 edi=686591d8
eip=667e01f1 esp=0028ed6c ebp=0028edd8 iopl=0         nv up ei pl nz na pe nc
cs=0023  ss=002b  ds=002b  es=002b  fs=0053  gs=002b             efl=00210202

Call stack:
667E01F1 C:\Program Files (x86)\Pidgin\plugins\libsipe.dll  sipe_ocs2007_process_roaming_self  /workarea/stefanb/playground/pidgin-mingw/build-2.10.6/pidgin-2.10.6/pidgin-sipe-1.14.1/src/core/sipe-ocs2007.c:2193
         C:\Program Files (x86)\Pidgin\Gtk\bin\libglib-2.0-0.dll [2.28.8.0]
685EB167 C:\Program Files (x86)\Pidgin\Gtk\bin\libglib-2.0-0.dll  g_main_context_dispatch
685EB90D C:\Program Files (x86)\Pidgin\Gtk\bin\libglib-2.0-0.dll  g_main_context_dispatch
685EBD9D C:\Program Files (x86)\Pidgin\Gtk\bin\libglib-2.0-0.dll  g_main_loop_run
         C:\Program Files (x86)\Pidgin\Gtk\bin\libgtk-win32-2.0-0.dll [2.16.6.0]
025F4260 C:\Program Files (x86)\Pidgin\Gtk\bin\libgtk-win32-2.0-0.dll  gtk_main
         C:\Program Files (x86)\Pidgin\pidgin.dll [2.10.7.0]
         Using Debug Symbols from: C:\Program Files (x86)\Pidgin\pidgin-2.10.7-dbgsym\pidgin.dll.dbgsym
6C66B5FD C:\Program Files (x86)\Pidgin\pidgin.dll  pidgin_main




